生成启动时间为 2018/8/21 8:30:43。
     1>项目“C:\Users\DAI\Desktop\TaintAnalysisWithPin-master\TaintTest.vcxproj”在节点 2 上(build 个目标)。
     1>InitializeBuildStatus:
         正在创建“Debug\TaintTest.unsuccessfulbuild”，因为已指定“AlwaysCreate”。
       ClCompile:
         H:\programs\Microsoft Visual Studio 10.0\VC\bin\CL.exe /c /Zi /nologo /W3 /WX- /Od /Oy- /D WIN32 /D _DEBUG /D _WINDOWS /Gm /EHsc /RTC1 /MDd /GS /fp:precise /Zc:wchar_t /Zc:forScope /Fo"Debug\\" /Fd"Debug\vc100.pdb" /Gd /TP /analyze- /errorReport:prompt CheckTheTaintedFunctionPointer.cpp TaintFramework.cpp
         TaintFramework.cpp
     1>TaintFramework.cpp : warning C4819: 该文件包含不能在当前代码页(936)中表示的字符。请将该文件保存为 Unicode 格式以防止数据丢失
     1>TaintFramework.cpp(1): fatal error C1083: 无法打开包括文件:“pin.H”: No such file or directory
         CheckTheTaintedFunctionPointer.cpp
     1>CheckTheTaintedFunctionPointer.cpp(1): fatal error C1083: 无法打开包括文件:“pin.H”: No such file or directory
         正在生成代码...
     1>已完成生成项目“C:\Users\DAI\Desktop\TaintAnalysisWithPin-master\TaintTest.vcxproj”(build 个目标)的操作 - 失败。

生成失败。

已用时间 00:00:01.30
